2021-11-11T06:38:02+00:00 INFO Require to run updater..Start Installation/ Update process
2021-11-11T06:38:02+00:00 INFO Needs DB Update?
2021-11-11T06:38:02+00:00 INFO Current DB Version: 4.6.3
2021-11-11T06:38:02+00:00 INFO Database update require. Start updating database
2021-11-11T06:38:02+00:00 INFO Do Update....
2021-11-11T06:38:02+00:00 INFO Current IG ES DB Version: 4.6.3
2021-11-11T06:38:02+00:00 INFO [Queue] ig_es_update_465_create_tables
2021-11-11T06:38:02+00:00 INFO [Queue] ig_es_update_465_db_version
2021-11-11T06:38:02+00:00 INFO [Queue] ig_es_update_466_create_temp_import_table
2021-11-11T06:38:02+00:00 INFO [Queue] ig_es_update_466_db_version
2021-11-11T06:38:02+00:00 INFO [Queue] ig_es_update_467_alter_contacts_table
2021-11-11T06:38:02+00:00 INFO [Queue] ig_es_add_country_code_to_contacts_table
2021-11-11T06:38:02+00:00 INFO [Queue] ig_es_update_467_db_version
2021-11-11T06:38:02+00:00 INFO [Queue] ig_es_update_468_create_unsubscribe_feedback_table
2021-11-11T06:38:02+00:00 INFO [Queue] ig_es_update_468_db_version
2021-11-11T06:38:02+00:00 INFO [Queue] ig_es_update_469_alter_wc_guests_table
2021-11-11T06:38:02+00:00 INFO [Queue] ig_es_update_469_db_version
2021-11-11T06:38:02+00:00 INFO [Queue] ig_es_migrate_4613_sequence_list_settings_into_campaign_rules
2021-11-11T06:38:02+00:00 INFO [Queue] ig_es_update_4613_db_version
2021-11-11T06:38:02+00:00 INFO [Queue] ig_es_add_index_to_list_contacts_table
2021-11-11T06:38:02+00:00 INFO [Queue] ig_es_update_478_db_version
2021-11-11T06:38:02+00:00 INFO [Queue] ig_es_add_primay_key_to_actions_table
2021-11-11T06:38:02+00:00 INFO [Queue] ig_es_update_479_db_version
2021-11-11T06:38:02+00:00 INFO [Queue] ig_es_add_engagement_score_to_contacts_table
2021-11-11T06:38:02+00:00 INFO [Queue] ig_es_calculate_existing_subscribers_engagement_score
2021-11-11T06:38:02+00:00 INFO [Queue] ig_es_update_483_db_version
2021-11-11T06:38:02+00:00 INFO [Queue] ig_es_update_484_create_custom_field_table
2021-11-11T06:38:02+00:00 INFO [Queue] ig_es_update_484_db_version
2021-11-11T06:38:02+00:00 INFO [Queue] ig_es_update_490_alter_contacts_table
2021-11-11T06:38:02+00:00 INFO [Queue] ig_es_update_490_db_version
2021-11-11T06:38:02+00:00 INFO Yes, we have tasks to process
2021-11-11T06:38:02+00:00 INFO --------------------- Started To Run Task Again---------------------
2021-11-11T06:38:02+00:00 INFO [Processing] ig_es_update_465_create_tables
2021-11-11T06:38:02+00:00 INFO --- Running Task - ig_es_update_465_create_tables
2021-11-11T06:38:02+00:00 INFO --- Finished Task - ig_es_update_465_create_tables 
2021-11-11T06:38:02+00:00 INFO [Processed] ig_es_update_465_create_tables
2021-11-11T06:38:02+00:00 INFO [Processing] ig_es_update_465_db_version
2021-11-11T06:38:02+00:00 INFO --- Running Task - ig_es_update_465_db_version
2021-11-11T06:38:02+00:00 INFO --- Finished Task - ig_es_update_465_db_version 
2021-11-11T06:38:02+00:00 INFO [Processed] ig_es_update_465_db_version
2021-11-11T06:38:02+00:00 INFO [Processing] ig_es_update_466_create_temp_import_table
2021-11-11T06:38:02+00:00 INFO --- Running Task - ig_es_update_466_create_temp_import_table
2021-11-11T06:38:02+00:00 INFO --- Finished Task - ig_es_update_466_create_temp_import_table 
2021-11-11T06:38:02+00:00 INFO [Processed] ig_es_update_466_create_temp_import_table
2021-11-11T06:38:02+00:00 INFO [Processing] ig_es_update_466_db_version
2021-11-11T06:38:02+00:00 INFO --- Running Task - ig_es_update_466_db_version
2021-11-11T06:38:02+00:00 INFO --- Finished Task - ig_es_update_466_db_version 
2021-11-11T06:38:02+00:00 INFO [Processed] ig_es_update_466_db_version
2021-11-11T06:38:02+00:00 INFO [Processing] ig_es_update_467_alter_contacts_table
2021-11-11T06:38:02+00:00 INFO --- Running Task - ig_es_update_467_alter_contacts_table
2021-11-11T06:38:02+00:00 INFO --- Finished Task - ig_es_update_467_alter_contacts_table 
2021-11-11T06:38:02+00:00 INFO [Processed] ig_es_update_467_alter_contacts_table
2021-11-11T06:38:02+00:00 INFO [Processing] ig_es_add_country_code_to_contacts_table
2021-11-11T06:38:02+00:00 INFO --- Running Task - ig_es_add_country_code_to_contacts_table
2021-11-11T06:38:03+00:00 INFO --- Finished Task - ig_es_add_country_code_to_contacts_table 
2021-11-11T06:38:03+00:00 INFO [Processed] ig_es_add_country_code_to_contacts_table
2021-11-11T06:38:03+00:00 INFO [Processing] ig_es_update_467_db_version
2021-11-11T06:38:03+00:00 INFO --- Running Task - ig_es_update_467_db_version
2021-11-11T06:38:03+00:00 INFO --- Finished Task - ig_es_update_467_db_version 
2021-11-11T06:38:03+00:00 INFO [Processed] ig_es_update_467_db_version
2021-11-11T06:38:03+00:00 INFO [Processing] ig_es_update_468_create_unsubscribe_feedback_table
2021-11-11T06:38:03+00:00 INFO --- Running Task - ig_es_update_468_create_unsubscribe_feedback_table
2021-11-11T06:38:03+00:00 INFO --- Finished Task - ig_es_update_468_create_unsubscribe_feedback_table 
2021-11-11T06:38:03+00:00 INFO [Processed] ig_es_update_468_create_unsubscribe_feedback_table
2021-11-11T06:38:03+00:00 INFO [Processing] ig_es_update_468_db_version
2021-11-11T06:38:03+00:00 INFO --- Running Task - ig_es_update_468_db_version
2021-11-11T06:38:03+00:00 INFO --- Finished Task - ig_es_update_468_db_version 
2021-11-11T06:38:03+00:00 INFO [Processed] ig_es_update_468_db_version
2021-11-11T06:38:03+00:00 INFO [Processing] ig_es_update_469_alter_wc_guests_table
2021-11-11T06:38:03+00:00 INFO --- Running Task - ig_es_update_469_alter_wc_guests_table
2021-11-11T06:38:03+00:00 INFO --- Finished Task - ig_es_update_469_alter_wc_guests_table 
2021-11-11T06:38:03+00:00 INFO [Processed] ig_es_update_469_alter_wc_guests_table
2021-11-11T06:38:03+00:00 INFO [Processing] ig_es_update_469_db_version
2021-11-11T06:38:03+00:00 INFO --- Running Task - ig_es_update_469_db_version
2021-11-11T06:38:03+00:00 INFO --- Finished Task - ig_es_update_469_db_version 
2021-11-11T06:38:03+00:00 INFO [Processed] ig_es_update_469_db_version
2021-11-11T06:38:03+00:00 INFO [Processing] ig_es_migrate_4613_sequence_list_settings_into_campaign_rules
2021-11-11T06:38:03+00:00 INFO --- Running Task - ig_es_migrate_4613_sequence_list_settings_into_campaign_rules
2021-11-11T06:38:03+00:00 INFO --- Finished Task - ig_es_migrate_4613_sequence_list_settings_into_campaign_rules 
2021-11-11T06:38:03+00:00 INFO [Processed] ig_es_migrate_4613_sequence_list_settings_into_campaign_rules
2021-11-11T06:38:03+00:00 INFO [Processing] ig_es_update_4613_db_version
2021-11-11T06:38:03+00:00 INFO --- Running Task - ig_es_update_4613_db_version
2021-11-11T06:38:03+00:00 INFO --- Finished Task - ig_es_update_4613_db_version 
2021-11-11T06:38:03+00:00 INFO [Processed] ig_es_update_4613_db_version
2021-11-11T06:38:03+00:00 INFO [Processing] ig_es_add_index_to_list_contacts_table
2021-11-11T06:38:03+00:00 INFO --- Running Task - ig_es_add_index_to_list_contacts_table
2021-11-11T06:38:03+00:00 INFO --- Finished Task - ig_es_add_index_to_list_contacts_table 
2021-11-11T06:38:03+00:00 INFO [Processed] ig_es_add_index_to_list_contacts_table
2021-11-11T06:38:03+00:00 INFO [Processing] ig_es_update_478_db_version
2021-11-11T06:38:03+00:00 INFO --- Running Task - ig_es_update_478_db_version
2021-11-11T06:38:03+00:00 INFO --- Finished Task - ig_es_update_478_db_version 
2021-11-11T06:38:03+00:00 INFO [Processed] ig_es_update_478_db_version
2021-11-11T06:38:03+00:00 INFO [Processing] ig_es_add_primay_key_to_actions_table
2021-11-11T06:38:03+00:00 INFO --- Running Task - ig_es_add_primay_key_to_actions_table
2021-11-11T06:38:03+00:00 INFO --- Finished Task - ig_es_add_primay_key_to_actions_table 
2021-11-11T06:38:03+00:00 INFO [Processed] ig_es_add_primay_key_to_actions_table
2021-11-11T06:38:03+00:00 INFO [Processing] ig_es_update_479_db_version
2021-11-11T06:38:03+00:00 INFO --- Running Task - ig_es_update_479_db_version
2021-11-11T06:38:03+00:00 INFO --- Finished Task - ig_es_update_479_db_version 
2021-11-11T06:38:03+00:00 INFO [Processed] ig_es_update_479_db_version
2021-11-11T06:38:03+00:00 INFO [Processing] ig_es_add_engagement_score_to_contacts_table
2021-11-11T06:38:03+00:00 INFO --- Running Task - ig_es_add_engagement_score_to_contacts_table
2021-11-11T06:38:03+00:00 INFO --- Finished Task - ig_es_add_engagement_score_to_contacts_table 
2021-11-11T06:38:03+00:00 INFO [Processed] ig_es_add_engagement_score_to_contacts_table
2021-11-11T06:38:03+00:00 INFO [Processing] ig_es_calculate_existing_subscribers_engagement_score
2021-11-11T06:38:03+00:00 INFO --- Running Task - ig_es_calculate_existing_subscribers_engagement_score
2021-11-11T06:38:03+00:00 INFO --- Finished Task - ig_es_calculate_existing_subscribers_engagement_score 
2021-11-11T06:38:03+00:00 INFO [Processed] ig_es_calculate_existing_subscribers_engagement_score
2021-11-11T06:38:03+00:00 INFO [Processing] ig_es_update_483_db_version
2021-11-11T06:38:03+00:00 INFO --- Running Task - ig_es_update_483_db_version
2021-11-11T06:38:03+00:00 INFO --- Finished Task - ig_es_update_483_db_version 
2021-11-11T06:38:03+00:00 INFO [Processed] ig_es_update_483_db_version
2021-11-11T06:38:03+00:00 INFO [Processing] ig_es_update_484_create_custom_field_table
2021-11-11T06:38:03+00:00 INFO --- Running Task - ig_es_update_484_create_custom_field_table
2021-11-11T06:38:03+00:00 INFO --- Finished Task - ig_es_update_484_create_custom_field_table 
2021-11-11T06:38:03+00:00 INFO [Processed] ig_es_update_484_create_custom_field_table
2021-11-11T06:38:03+00:00 INFO [Processing] ig_es_update_484_db_version
2021-11-11T06:38:03+00:00 INFO --- Running Task - ig_es_update_484_db_version
2021-11-11T06:38:03+00:00 INFO --- Finished Task - ig_es_update_484_db_version 
2021-11-11T06:38:03+00:00 INFO [Processed] ig_es_update_484_db_version
2021-11-11T06:38:03+00:00 INFO [Processing] ig_es_update_490_alter_contacts_table
2021-11-11T06:38:03+00:00 INFO --- Running Task - ig_es_update_490_alter_contacts_table
2021-11-11T06:38:03+00:00 INFO --- Finished Task - ig_es_update_490_alter_contacts_table 
2021-11-11T06:38:03+00:00 INFO [Processed] ig_es_update_490_alter_contacts_table
2021-11-11T06:38:03+00:00 INFO [Processing] ig_es_update_490_db_version
2021-11-11T06:38:03+00:00 INFO --- Running Task - ig_es_update_490_db_version
2021-11-11T06:38:03+00:00 INFO --- Finished Task - ig_es_update_490_db_version 
2021-11-11T06:38:03+00:00 INFO [Processed] ig_es_update_490_db_version
